<?xml version="1.0" encoding="UTF-8"?>
<!-- Generated by org.testng.reporters.JUnitReportReporter -->
<testsuite hostname="DESKTOP-S399T5F" failures="0" tests="2" name="sample.bdd.Runner" time="20.746" errors="0" timestamp="2021-05-12T22:45:28 IST" skipped="0">
  <testcase classname="sample.bdd.Runner" name="runScenario" time="11.977"/>
  <system-out/>
  <testcase classname="sample.bdd.Runner" name="runScenario" time="8.769"/>
  <system-out/>
</testsuite> <!-- sample.bdd.Runner -->
